Vivado Simulator v2023.1
Copyright 1986-2022 Xilinx, Inc. All Rights Reserved.
Copyright 2022-2023 Advanced Micro Devices, Inc. All Rights Reserved.
Running: C:/software/electronica/xilinx/Vivado/2023.1/bin/unwrapped/win64.o/xelab.exe --incr --debug typical --relax --mt 2 -L xil_defaultlib -L secureip --snapshot simu_behav xil_defaultlib.simu -log elaborate.log 
Using 2 slave threads.
Starting static elaboration
Completed static elaboration
Starting simulation data flow analysis
Completed simulation data flow analysis
Time Resolution for simulation is 1ps
Compiling package std.standard
Compiling package std.textio
Compiling package ieee.std_logic_1164
Compiling package ieee.numeric_std
Compiling package ieee.std_logic_arith
Compiling package ieee.std_logic_unsigned
Compiling architecture arch_divider of entity xil_defaultlib.clock_divider [clock_divider_default]
Compiling architecture despdere of entity xil_defaultlib.right_shift_reg [\right_shift_reg(t=9)\]
Compiling architecture cuenta of entity xil_defaultlib.counter_register [\counter_register(t=9)\]
Compiling architecture behavioral of entity xil_defaultlib.counter [\counter(t=9)\]
Compiling architecture behavioral of entity xil_defaultlib.adder [\adder(z=9)\]
Compiling architecture behavioral of entity xil_defaultlib.regDiv [\regDiv(t=9)\]
Compiling architecture behavioral of entity xil_defaultlib.left_shift_reg [\left_shift_reg(t=9)\]
Compiling architecture arch of entity xil_defaultlib.data_path [data_path_default]
Compiling architecture arch of entity xil_defaultlib.controller [controller_default]
Compiling architecture arch of entity xil_defaultlib.division [division_default]
Compiling architecture behavior of entity xil_defaultlib.simu
Built simulation snapshot simu_behav
