
*** Running vivado
    with args -log division.vds -m64 -product Vivado -mode batch -messageDb vivado.pb -notrace -source division.tcl



****** Vivado v2023.1 (64-bit)
  **** SW Build 3865809 on Sun May  7 15:05:29 MDT 2023
  **** IP Build 3864474 on Sun May  7 20:36:21 MDT 2023
  **** SharedData Build 3865790 on Sun May 07 13:33:03 MDT 2023
    ** Copyright 1986-2022 Xilinx, Inc. All Rights Reserved.
    ** Copyright 2022-2023 Advanced Micro Devices, Inc. All Rights Reserved.

source division.tcl -notrace
Command: read_checkpoint -auto_incremental -incremental D:/TOC/lab4/lab4.srcs/utils_1/imports/synth_1/sintesis_div.dcp
INFO: [Vivado 12-5825] Read reference checkpoint from D:/TOC/lab4/lab4.srcs/utils_1/imports/synth_1/sintesis_div.dcp for incremental synthesis
INFO: [Vivado 12-7989] Please ensure there are no constraint changes
Command: synth_design -top division -part xc7a35tcpg236-1
Starting synth_design
Attempting to get a license for feature 'Synthesis' and/or device 'xc7a35t'
INFO: [Common 17-349] Got license for feature 'Synthesis' and/or device 'xc7a35t'
INFO: [Device 21-403] Loading part xc7a35tcpg236-1
INFO: [Designutils 20-5440] No compile time benefit to using incremental synthesis; A full resynthesis will be run
INFO: [Designutils 20-4379] Flow is switching to default flow due to incremental criteria not met. If you would like to alter this behaviour and have the flow terminate instead, please set the following parameter config_implementation {autoIncr.Synth.RejectBehavior Terminate}
INFO: [Synth 8-7079] Multithreading enabled for synth_design using a maximum of 2 processes.
INFO: [Synth 8-7078] Launching helper process for spawning children vivado processes
INFO: [Synth 8-7075] Helper process launched with PID 12136
---------------------------------------------------------------------------------
Starting RTL Elaboration : Time (s): cpu = 00:00:03 ; elapsed = 00:00:03 . Memory (MB): peak = 2761.176 ; gain = 410.199
---------------------------------------------------------------------------------
INFO: [Synth 8-638] synthesizing module 'division' [D:/TOC/lab4/lab4.srcs/sources_1/new/division.vhd:18]
INFO: [Synth 8-3491] module 'clock_divider' declared at 'D:/TOC/lab4/lab4.srcs/sources_1/new/clock_divider.vhd:5' bound to instance 'my_clock_divider' of component 'clock_divider' [D:/TOC/lab4/lab4.srcs/sources_1/new/division.vhd:52]
INFO: [Synth 8-638] synthesizing module 'clock_divider' [D:/TOC/lab4/lab4.srcs/sources_1/new/clock_divider.vhd:10]
INFO: [Synth 8-256] done synthesizing module 'clock_divider' (0#1) [D:/TOC/lab4/lab4.srcs/sources_1/new/clock_divider.vhd:10]
	Parameter n bound to: 8 - type: integer 
	Parameter m bound to: 4 - type: integer 
INFO: [Synth 8-3491] module 'data_path' declared at 'D:/TOC/lab4/lab4.srcs/sources_1/new/data_path.vhd:6' bound to instance 'my_datapath' of component 'data_path' [D:/TOC/lab4/lab4.srcs/sources_1/new/division.vhd:53]
INFO: [Synth 8-638] synthesizing module 'data_path' [D:/TOC/lab4/lab4.srcs/sources_1/new/data_path.vhd:21]
	Parameter n bound to: 8 - type: integer 
	Parameter m bound to: 4 - type: integer 
	Parameter t bound to: 9 - type: integer 
INFO: [Synth 8-3491] module 'right_shift_reg' declared at 'D:/TOC/lab4/lab4.srcs/sources_1/new/right_shift_reg.vhd:10' bound to instance 'regDivisor' of component 'right_shift_reg' [D:/TOC/lab4/lab4.srcs/sources_1/new/data_path.vhd:109]
INFO: [Synth 8-638] synthesizing module 'right_shift_reg' [D:/TOC/lab4/lab4.srcs/sources_1/new/right_shift_reg.vhd:22]
	Parameter t bound to: 9 - type: integer 
INFO: [Synth 8-256] done synthesizing module 'right_shift_reg' (0#1) [D:/TOC/lab4/lab4.srcs/sources_1/new/right_shift_reg.vhd:22]
	Parameter t bound to: 9 - type: integer 
INFO: [Synth 8-3491] module 'counter_register' declared at 'D:/TOC/lab4/lab4.srcs/sources_1/new/counter_register.vhd:4' bound to instance 'regK' of component 'counter_register' [D:/TOC/lab4/lab4.srcs/sources_1/new/data_path.vhd:113]
INFO: [Synth 8-638] synthesizing module 'counter_register' [D:/TOC/lab4/lab4.srcs/sources_1/new/counter_register.vhd:15]
	Parameter t bound to: 9 - type: integer 
INFO: [Synth 8-256] done synthesizing module 'counter_register' (0#1) [D:/TOC/lab4/lab4.srcs/sources_1/new/counter_register.vhd:15]
	Parameter t bound to: 9 - type: integer 
INFO: [Synth 8-3491] module 'counter' declared at 'D:/TOC/lab4/lab4.srcs/sources_1/new/counter.vhd:3' bound to instance 'comp' of component 'counter' [D:/TOC/lab4/lab4.srcs/sources_1/new/data_path.vhd:117]
INFO: [Synth 8-638] synthesizing module 'counter' [D:/TOC/lab4/lab4.srcs/sources_1/new/counter.vhd:8]
	Parameter t bound to: 9 - type: integer 
INFO: [Synth 8-256] done synthesizing module 'counter' (0#1) [D:/TOC/lab4/lab4.srcs/sources_1/new/counter.vhd:8]
	Parameter z bound to: 9 - type: integer 
INFO: [Synth 8-3491] module 'adder' declared at 'D:/TOC/lab4/lab4.srcs/sources_1/new/adder.vhd:4' bound to instance 'sumrest' of component 'adder' [D:/TOC/lab4/lab4.srcs/sources_1/new/data_path.vhd:120]
INFO: [Synth 8-638] synthesizing module 'adder' [D:/TOC/lab4/lab4.srcs/sources_1/new/adder.vhd:13]
	Parameter z bound to: 9 - type: integer 
INFO: [Synth 8-256] done synthesizing module 'adder' (0#1) [D:/TOC/lab4/lab4.srcs/sources_1/new/adder.vhd:13]
	Parameter t bound to: 9 - type: integer 
INFO: [Synth 8-3491] module 'regDiv' declared at 'D:/TOC/lab4/lab4.srcs/sources_1/new/regDiv.vhd:5' bound to instance 'regDividend' of component 'regDiv' [D:/TOC/lab4/lab4.srcs/sources_1/new/data_path.vhd:124]
INFO: [Synth 8-638] synthesizing module 'regDiv' [D:/TOC/lab4/lab4.srcs/sources_1/new/regDiv.vhd:16]
	Parameter t bound to: 9 - type: integer 
INFO: [Synth 8-256] done synthesizing module 'regDiv' (0#1) [D:/TOC/lab4/lab4.srcs/sources_1/new/regDiv.vhd:16]
	Parameter t bound to: 9 - type: integer 
INFO: [Synth 8-3491] module 'left_shift_reg' declared at 'D:/TOC/lab4/lab4.srcs/sources_1/new/left_shift_reg.vhd:3' bound to instance 'regq' of component 'left_shift_reg' [D:/TOC/lab4/lab4.srcs/sources_1/new/data_path.vhd:129]
INFO: [Synth 8-638] synthesizing module 'left_shift_reg' [D:/TOC/lab4/lab4.srcs/sources_1/new/left_shift_reg.vhd:16]
	Parameter t bound to: 9 - type: integer 
WARNING: [Synth 8-614] signal 'MSB' is read in the process but is not in the sensitivity list [D:/TOC/lab4/lab4.srcs/sources_1/new/left_shift_reg.vhd:20]
INFO: [Synth 8-256] done synthesizing module 'left_shift_reg' (0#1) [D:/TOC/lab4/lab4.srcs/sources_1/new/left_shift_reg.vhd:16]
INFO: [Synth 8-256] done synthesizing module 'data_path' (0#1) [D:/TOC/lab4/lab4.srcs/sources_1/new/data_path.vhd:21]
INFO: [Synth 8-3491] module 'controller' declared at 'D:/TOC/lab4/lab4.srcs/sources_1/new/controller.vhd:4' bound to instance 'my_controller' of component 'controller' [D:/TOC/lab4/lab4.srcs/sources_1/new/division.vhd:63]
INFO: [Synth 8-638] synthesizing module 'controller' [D:/TOC/lab4/lab4.srcs/sources_1/new/controller.vhd:13]
INFO: [Synth 8-256] done synthesizing module 'controller' (0#1) [D:/TOC/lab4/lab4.srcs/sources_1/new/controller.vhd:13]
INFO: [Synth 8-256] done synthesizing module 'division' (0#1) [D:/TOC/lab4/lab4.srcs/sources_1/new/division.vhd:18]
---------------------------------------------------------------------------------
Finished RTL Elaboration : Time (s): cpu = 00:00:04 ; elapsed = 00:00:05 . Memory (MB): peak = 2853.109 ; gain = 502.133
---------------------------------------------------------------------------------
---------------------------------------------------------------------------------
Start Handling Custom Attributes
---------------------------------------------------------------------------------
---------------------------------------------------------------------------------
Finished Handling Custom Attributes : Time (s): cpu = 00:00:04 ; elapsed = 00:00:05 . Memory (MB): peak = 2871.035 ; gain = 520.059
---------------------------------------------------------------------------------
---------------------------------------------------------------------------------
Finished RTL Optimization Phase 1 : Time (s): cpu = 00:00:04 ; elapsed = 00:00:05 . Memory (MB): peak = 2871.035 ; gain = 520.059
---------------------------------------------------------------------------------
Netlist sorting complete. Time (s): cpu = 00:00:00 ; elapsed = 00:00:00.001 . Memory (MB): peak = 2871.035 ; gain = 0.000
INFO: [Project 1-570] Preparing netlist for logic optimization

Processing XDC Constraints
Initializing timing engine
Parsing XDC File [D:/TOC/lab4/pins.xdc]
Finished Parsing XDC File [D:/TOC/lab4/pins.xdc]
INFO: [Project 1-236] Implementation specific constraints were found while reading constraint file [D:/TOC/lab4/pins.xdc]. These constraints will be ignored for synthesis but will be used in implementation. Impacted constraints are listed in the file [.Xil/division_propImpl.xdc].
Resolution: To avoid this warning, move constraints listed in [.Xil/division_propImpl.xdc] to another XDC file and exclude this new file from synthesis with the used_in_synthesis property (File Properties dialog in GUI) and re-run elaboration/synthesis.
Completed Processing XDC Constraints

Netlist sorting complete. Time (s): cpu = 00:00:00 ; elapsed = 00:00:00 . Memory (MB): peak = 2971.590 ; gain = 0.000
INFO: [Project 1-111] Unisim Transformation Summary:
No Unisim elements were transformed.

Constraint Validation Runtime : Time (s): cpu = 00:00:00 ; elapsed = 00:00:00.012 . Memory (MB): peak = 2971.590 ; gain = 0.000
INFO: [Designutils 20-5440] No compile time benefit to using incremental synthesis; A full resynthesis will be run
INFO: [Designutils 20-4379] Flow is switching to default flow due to incremental criteria not met. If you would like to alter this behaviour and have the flow terminate instead, please set the following parameter config_implementation {autoIncr.Synth.RejectBehavior Terminate}
---------------------------------------------------------------------------------
Finished Constraint Validation : Time (s): cpu = 00:00:08 ; elapsed = 00:00:10 . Memory (MB): peak = 2971.590 ; gain = 620.613
---------------------------------------------------------------------------------
---------------------------------------------------------------------------------
Start Loading Part and Timing Information
---------------------------------------------------------------------------------
Loading part: xc7a35tcpg236-1
---------------------------------------------------------------------------------
Finished Loading Part and Timing Information : Time (s): cpu = 00:00:08 ; elapsed = 00:00:10 . Memory (MB): peak = 2971.590 ; gain = 620.613
---------------------------------------------------------------------------------
---------------------------------------------------------------------------------
Start Applying 'set_property' XDC Constraints
---------------------------------------------------------------------------------
---------------------------------------------------------------------------------
Finished applying 'set_property' XDC Constraints : Time (s): cpu = 00:00:08 ; elapsed = 00:00:10 . Memory (MB): peak = 2971.590 ; gain = 620.613
---------------------------------------------------------------------------------
INFO: [Synth 8-802] inferred FSM for state register 'STATE_reg' in module 'controller'
---------------------------------------------------------------------------------------------------
                   State |                     New Encoding |                Previous Encoding 
---------------------------------------------------------------------------------------------------
                      s0 |                         00000001 |                              000
                      s1 |                         00000010 |                              001
                      s2 |                         00000100 |                              010
                      s3 |                         00001000 |                              011
                      s4 |                         00010000 |                              100
                      s5 |                         00100000 |                              101
                      s6 |                         01000000 |                              110
                      s7 |                         10000000 |                              111
---------------------------------------------------------------------------------------------------
INFO: [Synth 8-3354] encoded FSM with state register 'STATE_reg' using encoding 'one-hot' in module 'controller'
WARNING: [Synth 8-327] inferring latch for variable 'fin_reg' [D:/TOC/lab4/lab4.srcs/sources_1/new/controller.vhd:52]
---------------------------------------------------------------------------------
Finished RTL Optimization Phase 2 : Time (s): cpu = 00:00:08 ; elapsed = 00:00:12 . Memory (MB): peak = 2971.590 ; gain = 620.613
---------------------------------------------------------------------------------
---------------------------------------------------------------------------------
Start RTL Component Statistics 
---------------------------------------------------------------------------------
Detailed RTL Component Info : 
+---Adders : 
	   2 Input   26 Bit       Adders := 1     
	   2 Input    9 Bit       Adders := 1     
	   3 Input    9 Bit       Adders := 1     
+---Registers : 
	               26 Bit    Registers := 1     
	                9 Bit    Registers := 4     
	                1 Bit    Registers := 1     
+---Muxes : 
	   2 Input    9 Bit        Muxes := 5     
	   8 Input    9 Bit        Muxes := 1     
	   8 Input    8 Bit        Muxes := 1     
	   2 Input    8 Bit        Muxes := 3     
	   2 Input    1 Bit        Muxes := 3     
	   8 Input    1 Bit        Muxes := 1     
---------------------------------------------------------------------------------
Finished RTL Component Statistics 
---------------------------------------------------------------------------------
---------------------------------------------------------------------------------
Start Part Resource Summary
---------------------------------------------------------------------------------
Part Resources:
DSPs: 90 (col length:60)
BRAMs: 100 (col length: RAMB18 60 RAMB36 30)
---------------------------------------------------------------------------------
Finished Part Resource Summary
---------------------------------------------------------------------------------
---------------------------------------------------------------------------------
Start Cross Boundary and Area Optimization
---------------------------------------------------------------------------------
WARNING: [Synth 8-7080] Parallel synthesis criteria is not met
---------------------------------------------------------------------------------
Finished Cross Boundary and Area Optimization : Time (s): cpu = 00:00:09 ; elapsed = 00:00:15 . Memory (MB): peak = 2971.590 ; gain = 620.613
---------------------------------------------------------------------------------
---------------------------------------------------------------------------------
Start Applying XDC Timing Constraints
---------------------------------------------------------------------------------
---------------------------------------------------------------------------------
Finished Applying XDC Timing Constraints : Time (s): cpu = 00:00:12 ; elapsed = 00:00:18 . Memory (MB): peak = 2971.590 ; gain = 620.613
---------------------------------------------------------------------------------
---------------------------------------------------------------------------------
Start Timing Optimization
---------------------------------------------------------------------------------
---------------------------------------------------------------------------------
Finished Timing Optimization : Time (s): cpu = 00:00:12 ; elapsed = 00:00:18 . Memory (MB): peak = 2971.590 ; gain = 620.613
---------------------------------------------------------------------------------
---------------------------------------------------------------------------------
Start Technology Mapping
---------------------------------------------------------------------------------
---------------------------------------------------------------------------------
Finished Technology Mapping : Time (s): cpu = 00:00:12 ; elapsed = 00:00:18 . Memory (MB): peak = 2971.590 ; gain = 620.613
---------------------------------------------------------------------------------
---------------------------------------------------------------------------------
Start IO Insertion
---------------------------------------------------------------------------------
---------------------------------------------------------------------------------
Start Flattening Before IO Insertion
---------------------------------------------------------------------------------
---------------------------------------------------------------------------------
Finished Flattening Before IO Insertion
---------------------------------------------------------------------------------
---------------------------------------------------------------------------------
Start Final Netlist Cleanup
---------------------------------------------------------------------------------
---------------------------------------------------------------------------------
Finished Final Netlist Cleanup
---------------------------------------------------------------------------------
---------------------------------------------------------------------------------
Finished IO Insertion : Time (s): cpu = 00:00:14 ; elapsed = 00:00:21 . Memory (MB): peak = 2971.590 ; gain = 620.613
---------------------------------------------------------------------------------
---------------------------------------------------------------------------------
Start Renaming Generated Instances
---------------------------------------------------------------------------------
---------------------------------------------------------------------------------
Finished Renaming Generated Instances : Time (s): cpu = 00:00:14 ; elapsed = 00:00:21 . Memory (MB): peak = 2971.590 ; gain = 620.613
---------------------------------------------------------------------------------
---------------------------------------------------------------------------------
Start Rebuilding User Hierarchy
---------------------------------------------------------------------------------
---------------------------------------------------------------------------------
Finished Rebuilding User Hierarchy : Time (s): cpu = 00:00:14 ; elapsed = 00:00:21 . Memory (MB): peak = 2971.590 ; gain = 620.613
---------------------------------------------------------------------------------
---------------------------------------------------------------------------------
Start Renaming Generated Ports
---------------------------------------------------------------------------------
---------------------------------------------------------------------------------
Finished Renaming Generated Ports : Time (s): cpu = 00:00:14 ; elapsed = 00:00:21 . Memory (MB): peak = 2971.590 ; gain = 620.613
---------------------------------------------------------------------------------
---------------------------------------------------------------------------------
Start Handling Custom Attributes
---------------------------------------------------------------------------------
---------------------------------------------------------------------------------
Finished Handling Custom Attributes : Time (s): cpu = 00:00:14 ; elapsed = 00:00:21 . Memory (MB): peak = 2971.590 ; gain = 620.613
---------------------------------------------------------------------------------
---------------------------------------------------------------------------------
Start Renaming Generated Nets
---------------------------------------------------------------------------------
---------------------------------------------------------------------------------
Finished Renaming Generated Nets : Time (s): cpu = 00:00:14 ; elapsed = 00:00:21 . Memory (MB): peak = 2971.590 ; gain = 620.613
---------------------------------------------------------------------------------
---------------------------------------------------------------------------------
Start Writing Synthesis Report
---------------------------------------------------------------------------------

Report BlackBoxes: 
+-+--------------+----------+
| |BlackBox name |Instances |
+-+--------------+----------+
+-+--------------+----------+

Report Cell Usage: 
+------+-------+------+
|      |Cell   |Count |
+------+-------+------+
|1     |BUFG   |     1|
|2     |CARRY4 |     3|
|3     |LUT2   |    22|
|4     |LUT3   |    24|
|5     |LUT4   |     4|
|6     |LUT5   |     3|
|7     |LUT6   |     4|
|8     |FDRE   |    41|
|9     |FDSE   |     1|
|10    |LD     |     1|
|11    |IBUF   |    15|
|12    |OBUF   |     9|
+------+-------+------+
---------------------------------------------------------------------------------
Finished Writing Synthesis Report : Time (s): cpu = 00:00:14 ; elapsed = 00:00:21 . Memory (MB): peak = 2971.590 ; gain = 620.613
---------------------------------------------------------------------------------
Synthesis finished with 0 errors, 0 critical warnings and 2 warnings.
Synthesis Optimization Runtime : Time (s): cpu = 00:00:09 ; elapsed = 00:00:20 . Memory (MB): peak = 2971.590 ; gain = 520.059
Synthesis Optimization Complete : Time (s): cpu = 00:00:14 ; elapsed = 00:00:21 . Memory (MB): peak = 2971.590 ; gain = 620.613
INFO: [Project 1-571] Translating synthesized netlist
Netlist sorting complete. Time (s): cpu = 00:00:00 ; elapsed = 00:00:00.001 . Memory (MB): peak = 2971.590 ; gain = 0.000
INFO: [Netlist 29-17] Analyzing 4 Unisim elements for replacement
INFO: [Netlist 29-28] Unisim Transformation completed in 0 CPU seconds
INFO: [Project 1-570] Preparing netlist for logic optimization
INFO: [Opt 31-138] Pushed 0 inverter(s) to 0 load pin(s).
Netlist sorting complete. Time (s): cpu = 00:00:00 ; elapsed = 00:00:00 . Memory (MB): peak = 2971.590 ; gain = 0.000
INFO: [Project 1-111] Unisim Transformation Summary:
  A total of 1 instances were transformed.
  LD => LDCE: 1 instance 

Synth Design complete | Checksum: dfd28747
INFO: [Common 17-83] Releasing license: Synthesis
52 Infos, 3 Warnings, 0 Critical Warnings and 0 Errors encountered.
synth_design completed successfully
synth_design: Time (s): cpu = 00:00:17 ; elapsed = 00:00:27 . Memory (MB): peak = 2971.590 ; gain = 1000.945
INFO: [Common 17-1381] The checkpoint 'D:/TOC/lab4/lab4.runs/synth_1/division.dcp' has been generated.
INFO: [runtcl-4] Executing : report_utilization -file division_utilization_synth.rpt -pb division_utilization_synth.pb
INFO: [Common 17-206] Exiting Vivado at Wed Nov 22 14:53:40 2023...
